<?xml version="1.0" encoding="UTF-8"?><testsuite errors="0" failures="24" name="com.petstore.testsuite.PetDataDrivenTest" skipped="0" tests="24" time="17.65" timestamp="2023-01-11T20:33:05.374Z[Europe/London]"><testcase classname="com.petstore.testsuite.PetDataDrivenTest" name="Data driven test for adding multiple users to the application"><failure message="1 expectation failed.&#10;Expected status code &lt;200&gt; but was &lt;404&gt;.&#10;" type="java.lang.AssertionError">1 expectation failed.
Expected status code &lt;200&gt; but was &lt;404&gt;.
</failure><system-err>1 expectation failed.
Expected status code &lt;200&gt; but was &lt;404&gt;.
&#13;
io.restassured.internal.ResponseSpecificationImpl.validateResponseIfRequired(ResponseSpecificationImpl.groovy:636)&#13;
io.restassured.internal.ResponseSpecificationImpl.statusCode(ResponseSpecificationImpl.groovy:122)&#13;
io.restassured.internal.ResponseSpecificationImpl.statusCode(ResponseSpecificationImpl.groovy:130)&#13;
io.restassured.internal.ValidatableResponseOptionsImpl.statusCode(ValidatableResponseOptionsImpl.java:117)&#13;
com.petstore.testsuite.PetDataDrivenTest.createMultiplepets(PetDataDrivenTest.java:37)&#13;
</system-err></testcase></testsuite>