<?xml version="1.0" encoding="UTF-8"?><testsuite errors="0" failures="0" name="com.petstore.testsuite.PetCrudTest" skipped="0" tests="3" time="7.44" timestamp="2023-01-03T21:59:16.503Z[Europe/London]"><testcase classname="com.petstore.testsuite.PetCrudTest" name="This will create new user"/><testcase classname="com.petstore.testsuite.PetCrudTest" name="This test will Update the user information"/><testcase classname="com.petstore.testsuite.PetCrudTest" name="Delete the pet and verify if the user is deleted!"/></testsuite>