<?xml version="1.0" encoding="UTF-8"?><testsuite errors="0" failures="0" name="com.petstore.testsuite.UserCrudTest" skipped="0" tests="3" time="2.87" timestamp="2023-01-03T21:59:25.362Z[Europe/London]"><testcase classname="com.petstore.testsuite.UserCrudTest" name="This will create new user"/><testcase classname="com.petstore.testsuite.UserCrudTest" name="This test will Update the user information"/><testcase classname="com.petstore.testsuite.UserCrudTest" name="Delete the pet and verify if the user is deleted!"/></testsuite>